* This is the StructMobWeight report file that is output every time the server starts.
* 
* Spawn Balance Utility (SBU) will use this file ONLY if it is renamed to StructMobWeight.csv.
* Lines starting with '*' are comments and ignored
* It allows you to add and remove mobs and adjust their spawnweights for Structures
* like shipwrecks, nether fortresses, water monuments, etc.
* 
1, structory:abandoned_camp, HEADING, header:ignore, 0, 0, 0
2, structory:abandoned_chapel, HEADING, header:ignore, 0, 0, 0
3, biomeswevegone:abandoned_prairie_house, HEADING, header:ignore, 0, 0, 0
4, minecolonies:amazon_camp, HEADING, header:ignore, 0, 0, 0
5, minecraft:ancient_city, HEADING, header:ignore, 0, 0, 0
6, cataclysm:ancient_factory, HEADING, header:ignore, 0, 0, 0
7, betterarcheology:archeologist_camp_grassy, HEADING, header:ignore, 0, 0, 0
8, betterarcheology:archeologist_camp_redsand, HEADING, header:ignore, 0, 0, 0
9, betterarcheology:archeologist_camp_sand, HEADING, header:ignore, 0, 0, 0
10, minecolonies:asian_colony, HEADING, header:ignore, 0, 0, 0
11, minecolonies:asian_colony, CREATURE, minecraft:cat, 80, 1, 2
12, biomeswevegone:aspen_manor_1, HEADING, header:ignore, 0, 0, 0
13, biomeswevegone:aspen_manor_1, MONSTER, minecraft:vindicator, 25, 2, 4
14, biomeswevegone:aspen_manor_2, HEADING, header:ignore, 0, 0, 0
15, biomeswevegone:aspen_manor_2, MONSTER, minecraft:vindicator, 25, 2, 4
16, mobs_of_mythology:automaton_structure, HEADING, header:ignore, 0, 0, 0
17, explorify:badlands_pyramid, HEADING, header:ignore, 0, 0, 0
18, bakery:bakery, HEADING, header:ignore, 0, 0, 0
19, bakery:bakery, CREATURE, minecraft:pig, 10, 1, 4
20, valarian_conquest:bandit_camp, HEADING, header:ignore, 0, 0, 0
21, valarian_conquest:bandit_ruins, HEADING, header:ignore, 0, 0, 0
22, valarian_conquest:bandit_ruins_2, HEADING, header:ignore, 0, 0, 0
23, valarian_conquest:barathian_castle, HEADING, header:ignore, 0, 0, 0
24, valarian_conquest:barathian_outpost, HEADING, header:ignore, 0, 0, 0
25, minecolonies:barbarian_camp, HEADING, header:ignore, 0, 0, 0
26, minecraft:bastion_remnant, HEADING, header:ignore, 0, 0, 0
27, mvs:beach_bar, HEADING, header:ignore, 0, 0, 0
28, dungeons_enhanced:black_citadel, HEADING, header:ignore, 0, 0, 0
29, dungeons_enhanced:black_citadel, MONSTER, minecraft:wither_skeleton, 10, 2, 5
30, dungeons_enhanced:black_citadel, MONSTER, minecraft:skeleton, 10, 1, 3
31, explorify:black_spiral, HEADING, header:ignore, 0, 0, 0
32, structory:boat, HEADING, header:ignore, 0, 0, 0
33, brewery:brewfest_tent, HEADING, header:ignore, 0, 0, 0
34, aether:bronze_dungeon, HEADING, header:ignore, 0, 0, 0
35, betterarcheology:buried_ruins_sand, HEADING, header:ignore, 0, 0, 0
36, minecraft:buried_treasure, HEADING, header:ignore, 0, 0, 0
37, cataclysm:burning_arena, HEADING, header:ignore, 0, 0, 0
38, minecolonies:caledonia_colony, HEADING, header:ignore, 0, 0, 0
39, minecolonies:caledonia_colony, CREATURE, minecraft:cat, 80, 1, 2
40, explorify:campsite, HEADING, header:ignore, 0, 0, 0
41, stellarity:campsite, HEADING, header:ignore, 0, 0, 0
42, mvs:cartographer_tower, HEADING, header:ignore, 0, 0, 0
43, mvs:carts/cart, HEADING, header:ignore, 0, 0, 0
44, mvs:carts/large_cart_1, HEADING, header:ignore, 0, 0, 0
45, mvs:carts/large_cart_2, HEADING, header:ignore, 0, 0, 0
46, mvs:carts/medium_bamboo_cart, HEADING, header:ignore, 0, 0, 0
47, dungeons_enhanced:castle, HEADING, header:ignore, 0, 0, 0
48, betterarcheology:catacombs, HEADING, header:ignore, 0, 0, 0
49, undergarden:catacombs, HEADING, header:ignore, 0, 0, 0
50, undergarden:catacombs, MONSTER, undergarden:forgotten, 10, 1, 1
51, mvs:cathedral, HEADING, header:ignore, 0, 0, 0
52, mvs:cathedral, MONSTER, minecraft:skeleton, 10, 1, 2
53, mvs:cathedral, MONSTER, minecraft:zombie, 10, 2, 5
54, stellarity:chapel_of_light, HEADING, header:ignore, 0, 0, 0
55, born_in_chaos_v1:clown_caravan_plains, HEADING, header:ignore, 0, 0, 0
56, born_in_chaos_v1:clown_caravan_savanna, HEADING, header:ignore, 0, 0, 0
57, born_in_chaos_v1:clown_caravan_taiga, HEADING, header:ignore, 0, 0, 0
58, minecolonies:colonial_colony, HEADING, header:ignore, 0, 0, 0
59, minecolonies:colonial_colony, CREATURE, minecraft:cat, 80, 1, 2
60, mvs:crystal, HEADING, header:ignore, 0, 0, 0
61, cataclysm:cursed_pyramid, HEADING, header:ignore, 0, 0, 0
62, explorify:dark_forest_settlement, HEADING, header:ignore, 0, 0, 0
63, born_in_chaos_v1:dark_tower_forest, HEADING, header:ignore, 0, 0, 0
64, born_in_chaos_v1:dark_tower_plain, HEADING, header:ignore, 0, 0, 0
65, born_in_chaos_v1:dark_tower_taiga, HEADING, header:ignore, 0, 0, 0
66, mvs:dead_tree/acacia, HEADING, header:ignore, 0, 0, 0
67, mvs:dead_tree/birch, HEADING, header:ignore, 0, 0, 0
68, mvs:dead_tree/cherry, HEADING, header:ignore, 0, 0, 0
69, mvs:dead_tree/dark_oak, HEADING, header:ignore, 0, 0, 0
70, mvs:dead_tree/jungle, HEADING, header:ignore, 0, 0, 0
71, mvs:dead_tree/mangrove, HEADING, header:ignore, 0, 0, 0
72, mvs:dead_tree/oak, HEADING, header:ignore, 0, 0, 0
73, mvs:dead_tree/spruce, HEADING, header:ignore, 0, 0, 0
74, dungeons_enhanced:deep_crypt, HEADING, header:ignore, 0, 0, 0
75, structory:dense_forest_ruin, HEADING, header:ignore, 0, 0, 0
76, minecolonies:desert_camp, HEADING, header:ignore, 0, 0, 0
77, betterarcheology:desert_obelisk, HEADING, header:ignore, 0, 0, 0
78, minecraft:desert_pyramid, HEADING, header:ignore, 0, 0, 0
79, explorify:desert_shrine, HEADING, header:ignore, 0, 0, 0
80, dungeons_enhanced:desert_temple, HEADING, header:ignore, 0, 0, 0
81, dungeons_enhanced:desert_tomb, HEADING, header:ignore, 0, 0, 0
82, minecolonies:desertoasis_colony, HEADING, header:ignore, 0, 0, 0
83, minecolonies:desertoasis_colony, CREATURE, minecraft:cat, 80, 1, 2
84, nullscape:dragon_skeleton, HEADING, header:ignore, 0, 0, 0
85, block_factorys_bosses:dragon_tower, HEADING, header:ignore, 0, 0, 0
86, biomeswevegone:dripstone_arch, HEADING, header:ignore, 0, 0, 0
87, dungeons_enhanced:druid_circle, HEADING, header:ignore, 0, 0, 0
88, dungeoncrawl:dungeon, HEADING, header:ignore, 0, 0, 0
89, dungeons_enhanced:dungeon_variant, HEADING, header:ignore, 0, 0, 0
90, dungeons_enhanced:elders_temple, HEADING, header:ignore, 0, 0, 0
91, dungeons_enhanced:elders_temple, MONSTER, minecraft:guardian, 10, 2, 4
92, ender_wyrmlings:end_beacon, HEADING, header:ignore, 0, 0, 0
93, minecraft:end_city, HEADING, header:ignore, 0, 0, 0
94, minecraft:end_city, MONSTER, alexsmobs:mimicube, 40, 1, 3
95, ender_wyrmlings:end_house, HEADING, header:ignore, 0, 0, 0
96, ender_wyrmlings:end_medium_island, HEADING, header:ignore, 0, 0, 0
97, ender_wyrmlings:end_nest, HEADING, header:ignore, 0, 0, 0
98, explorify:end_shipwreck, HEADING, header:ignore, 0, 0, 0
99, ender_wyrmlings:end_small_island, HEADING, header:ignore, 0, 0, 0
100, ender_wyrmlings:end_village, HEADING, header:ignore, 0, 0, 0
101, ender_wyrmlings:end_wyrmling, HEADING, header:ignore, 0, 0, 0
102, ender_wyrmlings:end_wyrmling_statue, HEADING, header:ignore, 0, 0, 0
103, towns_and_towers:exclusives/pillager_outpost_classic, HEADING, header:ignore, 0, 0, 0
104, towns_and_towers:exclusives/pillager_outpost_classic, MONSTER, minecraft:pillager, 10, 1, 2
105, towns_and_towers:exclusives/pillager_outpost_iberian, HEADING, header:ignore, 0, 0, 0
106, towns_and_towers:exclusives/pillager_outpost_iberian, MONSTER, minecraft:pillager, 10, 1, 2
107, towns_and_towers:exclusives/pillager_outpost_mediterranean, HEADING, header:ignore, 0, 0, 0
108, towns_and_towers:exclusives/pillager_outpost_mediterranean, MONSTER, minecraft:pillager, 10, 1, 2
109, towns_and_towers:exclusives/pillager_outpost_oriental, HEADING, header:ignore, 0, 0, 0
110, towns_and_towers:exclusives/pillager_outpost_oriental, MONSTER, minecraft:pillager, 10, 1, 2
111, towns_and_towers:exclusives/pillager_outpost_rustic, HEADING, header:ignore, 0, 0, 0
112, towns_and_towers:exclusives/pillager_outpost_rustic, MONSTER, minecraft:pillager, 10, 1, 2
113, towns_and_towers:exclusives/pillager_outpost_swedish, HEADING, header:ignore, 0, 0, 0
114, towns_and_towers:exclusives/pillager_outpost_swedish, MONSTER, minecraft:pillager, 10, 1, 2
115, towns_and_towers:exclusives/pillager_outpost_tudor, HEADING, header:ignore, 0, 0, 0
116, towns_and_towers:exclusives/pillager_outpost_tudor, MONSTER, minecraft:pillager, 10, 1, 2
117, towns_and_towers:exclusives/village_classic, HEADING, header:ignore, 0, 0, 0
118, towns_and_towers:exclusives/village_iberian, HEADING, header:ignore, 0, 0, 0
119, towns_and_towers:exclusives/village_mediterranean, HEADING, header:ignore, 0, 0, 0
120, towns_and_towers:exclusives/village_nilotic, HEADING, header:ignore, 0, 0, 0
121, towns_and_towers:exclusives/village_piglin, HEADING, header:ignore, 0, 0, 0
122, towns_and_towers:exclusives/village_piglin, MONSTER, minecraft:piglin, 10, 6, 8
123, towns_and_towers:exclusives/village_piglin, MONSTER, minecraft:piglin_brute, 10, 2, 3
124, towns_and_towers:exclusives/village_rustic, HEADING, header:ignore, 0, 0, 0
125, towns_and_towers:exclusives/village_swedish, HEADING, header:ignore, 0, 0, 0
126, towns_and_towers:exclusives/village_tudor, HEADING, header:ignore, 0, 0, 0
127, towns_and_towers:exclusives/village_wandering_trader_camp, HEADING, header:ignore, 0, 0, 0
128, born_in_chaos_v1:farm, HEADING, header:ignore, 0, 0, 0
129, explorify:farmstead, HEADING, header:ignore, 0, 0, 0
130, structory:firetower, HEADING, header:ignore, 0, 0, 0
131, born_in_chaos_v1:firewell, HEADING, header:ignore, 0, 0, 0
132, dungeons_enhanced:fishing_ship, HEADING, header:ignore, 0, 0, 0
133, dungeons_enhanced:flying_dutchman, HEADING, header:ignore, 0, 0, 0
134, undergarden:forgotten_vestige, HEADING, header:ignore, 0, 0, 0
135, minecraft:fortress, HEADING, header:ignore, 0, 0, 0
136, minecraft:fortress, MONSTER, minecraft:blaze, 10, 2, 3
137, minecraft:fortress, MONSTER, minecraft:zombified_piglin, 10, 4, 4
138, minecraft:fortress, MONSTER, minecraft:wither_skeleton, 10, 5, 5
139, minecraft:fortress, MONSTER, minecraft:skeleton, 10, 5, 5
140, minecraft:fortress, MONSTER, minecraft:magma_cube, 10, 4, 4
141, minecraft:fortress, MONSTER, cataclysm:ignited_berserker, 10, 1, 1
142, stellarity:fossil, HEADING, header:ignore, 0, 0, 0
143, betterarcheology:fossil_chicken, HEADING, header:ignore, 0, 0, 0
144, betterarcheology:fossil_chicken_birch, HEADING, header:ignore, 0, 0, 0
145, betterarcheology:fossil_creeper, HEADING, header:ignore, 0, 0, 0
146, betterarcheology:fossil_jungle_0, HEADING, header:ignore, 0, 0, 0
147, betterarcheology:fossil_jungle_1, HEADING, header:ignore, 0, 0, 0
148, betterarcheology:fossil_sheep_0, HEADING, header:ignore, 0, 0, 0
149, betterarcheology:fossil_wolf, HEADING, header:ignore, 0, 0, 0
150, cataclysm:frosted_prison, HEADING, header:ignore, 0, 0, 0
151, mowziesmobs:frostmaw_spawn, HEADING, header:ignore, 0, 0, 0
152, mvs:gallows, HEADING, header:ignore, 0, 0, 0
153, bosses_of_mass_destruction:gauntlet_arena, HEADING, header:ignore, 0, 0, 0
154, aether:gold_dungeon, HEADING, header:ignore, 0, 0, 0
155, iceandfire:gorgon_temple, HEADING, header:ignore, 0, 0, 0
156, born_in_chaos_v1:grave_2003wise, HEADING, header:ignore, 0, 0, 0
157, born_in_chaos_v1:grave_2_dling, HEADING, header:ignore, 0, 0, 0
158, born_in_chaos_v1:grave_darktitan, HEADING, header:ignore, 0, 0, 0
159, born_in_chaos_v1:grave_derivas, HEADING, header:ignore, 0, 0, 0
160, born_in_chaos_v1:grave_euthymia, HEADING, header:ignore, 0, 0, 0
161, born_in_chaos_v1:grave_feral, HEADING, header:ignore, 0, 0, 0
162, born_in_chaos_v1:grave_fubuki_banzai, HEADING, header:ignore, 0, 0, 0
163, born_in_chaos_v1:grave_memesus, HEADING, header:ignore, 0, 0, 0
164, born_in_chaos_v1:grave_mike_and_rory, HEADING, header:ignore, 0, 0, 0
165, born_in_chaos_v1:grave_orion, HEADING, header:ignore, 0, 0, 0
166, born_in_chaos_v1:grave_petasi, HEADING, header:ignore, 0, 0, 0
167, born_in_chaos_v1:grave_somfunambulist, HEADING, header:ignore, 0, 0, 0
168, born_in_chaos_v1:gravecarrionexe, HEADING, header:ignore, 0, 0, 0
169, iceandfire:graveyard, HEADING, header:ignore, 0, 0, 0
170, structory:graveyard, HEADING, header:ignore, 0, 0, 0
171, explorify:guide_post_cold, HEADING, header:ignore, 0, 0, 0
172, explorify:guide_post_warm, HEADING, header:ignore, 0, 0, 0
173, dungeons_enhanced:hay_storage, HEADING, header:ignore, 0, 0, 0
174, mvs:horse_pen, HEADING, header:ignore, 0, 0, 0
175, valarian_conquest:hospitaller_castle, HEADING, header:ignore, 0, 0, 0
176, valarian_conquest:hospitaller_outpost, HEADING, header:ignore, 0, 0, 0
177, mvs:houses/azelea_house, HEADING, header:ignore, 0, 0, 0
178, mvs:houses/barn, HEADING, header:ignore, 0, 0, 0
179, mvs:houses/deepslate_house, HEADING, header:ignore, 0, 0, 0
180, mvs:houses/desert_house, HEADING, header:ignore, 0, 0, 0
181, mvs:houses/flower_hole, HEADING, header:ignore, 0, 0, 0
182, mvs:houses/house, HEADING, header:ignore, 0, 0, 0
183, mvs:houses/large_floating_island, HEADING, header:ignore, 0, 0, 0
184, mvs:houses/large_warped_tower, HEADING, header:ignore, 0, 0, 0
185, mvs:houses/medium_igloo_1, HEADING, header:ignore, 0, 0, 0
186, mvs:houses/medium_igloo_2, HEADING, header:ignore, 0, 0, 0
187, mvs:houses/small_igloo, HEADING, header:ignore, 0, 0, 0
188, mvs:houses/small_swamp_house, HEADING, header:ignore, 0, 0, 0
189, mvs:houses/tall_house, HEADING, header:ignore, 0, 0, 0
190, mvs:houses/warped_house, HEADING, header:ignore, 0, 0, 0
191, aquamirae:ice_maze/arch, HEADING, header:ignore, 0, 0, 0
192, aquamirae:ice_maze/arch, MONSTER, aquamirae:maw, 50, 1, 2
193, aquamirae:ice_maze/arch, AMBIENT, aquamirae:golden_moth, 10, 1, 2
194, aquamirae:ice_maze/common, HEADING, header:ignore, 0, 0, 0
195, aquamirae:ice_maze/common, MONSTER, aquamirae:maw, 50, 1, 2
196, aquamirae:ice_maze/spiral, HEADING, header:ignore, 0, 0, 0
197, aquamirae:ice_maze/spiral, MONSTER, aquamirae:maw, 50, 2, 6
198, dungeons_enhanced:ice_pit, HEADING, header:ignore, 0, 0, 0
199, minecraft:igloo, HEADING, header:ignore, 0, 0, 0
200, minecolonies:incan_colony, HEADING, header:ignore, 0, 0, 0
201, minecolonies:incan_colony, CREATURE, minecraft:cat, 80, 1, 2
202, born_in_chaos_v1:infernal_pumpkin, HEADING, header:ignore, 0, 0, 0
203, biomeswevegone:ironwood_gour_plateau, HEADING, header:ignore, 0, 0, 0
204, saintsdragons:ivy_house, HEADING, header:ignore, 0, 0, 0
205, dungeons_enhanced:jungle_monument, HEADING, header:ignore, 0, 0, 0
206, minecraft:jungle_pyramid, HEADING, header:ignore, 0, 0, 0
207, structory:jungle_ruin, HEADING, header:ignore, 0, 0, 0
208, structory:jungle_ruin, MONSTER, minecraft:creeper, 10, 4, 4
209, mvs:jungle_tower, HEADING, header:ignore, 0, 0, 0
210, mvs:lantern/medium_oak_lantern, HEADING, header:ignore, 0, 0, 0
211, mvs:lantern/small_acacia_lantern, HEADING, header:ignore, 0, 0, 0
212, mvs:lantern/small_bamboo_lantern, HEADING, header:ignore, 0, 0, 0
213, mvs:lantern/small_birch_lantern, HEADING, header:ignore, 0, 0, 0
214, mvs:lantern/small_campfire_lantern, HEADING, header:ignore, 0, 0, 0
215, mvs:lantern/small_cherry_lantern, HEADING, header:ignore, 0, 0, 0
216, mvs:lantern/small_dark_oak_lantern, HEADING, header:ignore, 0, 0, 0
217, mvs:lantern/small_jungle_lantern, HEADING, header:ignore, 0, 0, 0
218, mvs:lantern/small_mangrove_lantern, HEADING, header:ignore, 0, 0, 0
219, mvs:lantern/small_oak_lantern, HEADING, header:ignore, 0, 0, 0
220, mvs:lantern/small_spruce_lantern, HEADING, header:ignore, 0, 0, 0
221, aether:large_aercloud, HEADING, header:ignore, 0, 0, 0
222, biomeswevegone:large_cold_lake, HEADING, header:ignore, 0, 0, 0
223, biomeswevegone:large_cold_lake, WATER_AMBIENT, minecraft:salmon, 10, 4, 10
224, dungeons_enhanced:large_dungeon, HEADING, header:ignore, 0, 0, 0
225, bosses_of_mass_destruction:lich_tower, HEADING, header:ignore, 0, 0, 0
226, betterarcheology:light_temple, HEADING, header:ignore, 0, 0, 0
227, mvs:log_pile/acacia_log_pile, HEADING, header:ignore, 0, 0, 0
228, mvs:log_pile/birch_log_pile, HEADING, header:ignore, 0, 0, 0
229, mvs:log_pile/dark_oak_log_pile, HEADING, header:ignore, 0, 0, 0
230, mvs:log_pile/jungle_log_pile, HEADING, header:ignore, 0, 0, 0
231, mvs:log_pile/oak_log_pile, HEADING, header:ignore, 0, 0, 0
232, mvs:log_pile/spruce_log_pile, HEADING, header:ignore, 0, 0, 0
233, minecolonies:lostmesacity_colony, HEADING, header:ignore, 0, 0, 0
234, minecolonies:lostmesacity_colony, CREATURE, minecraft:cat, 80, 1, 2
235, biomeswevegone:lush_arch, HEADING, header:ignore, 0, 0, 0
236, explorify:mangrove_hut, HEADING, header:ignore, 0, 0, 0
237, minecraft:mansion, HEADING, header:ignore, 0, 0, 0
238, explorify:mausoleum, HEADING, header:ignore, 0, 0, 0
239, iceandfire:mausoleum, HEADING, header:ignore, 0, 0, 0
240, minecolonies:medieval_birch_colony, HEADING, header:ignore, 0, 0, 0
241, minecolonies:medieval_birch_colony, CREATURE, minecraft:cat, 80, 1, 2
242, minecolonies:medieval_dark_oak_colony, HEADING, header:ignore, 0, 0, 0
243, minecolonies:medieval_dark_oak_colony, CREATURE, minecraft:cat, 80, 1, 2
244, minecolonies:medieval_oak_colony, HEADING, header:ignore, 0, 0, 0
245, minecolonies:medieval_oak_colony, CREATURE, minecraft:cat, 80, 1, 2
246, minecolonies:medieval_spruce_colony, HEADING, header:ignore, 0, 0, 0
247, minecolonies:medieval_spruce_colony, CREATURE, minecraft:cat, 80, 1, 2
248, betterarcheology:mesa_ruins, HEADING, header:ignore, 0, 0, 0
249, towns_and_towers:mimic_desert, HEADING, header:ignore, 0, 0, 0
250, dungeons_enhanced:miners_house, HEADING, header:ignore, 0, 0, 0
251, minecraft:mineshaft, HEADING, header:ignore, 0, 0, 0
252, minecraft:mineshaft, AMBIENT, alexsmobs:underminer, 50, 1, 1
253, minecraft:mineshaft_mesa, HEADING, header:ignore, 0, 0, 0
254, minecraft:mineshaft_mesa, AMBIENT, alexsmobs:underminer, 50, 1, 1
255, mowziesmobs:monastery, HEADING, header:ignore, 0, 0, 0
256, mowziesmobs:monastery, MONSTER, mowziesmobs:bluff, 80, 1, 2
257, dungeons_enhanced:monster_maze, HEADING, header:ignore, 0, 0, 0
258, minecraft:monument, HEADING, header:ignore, 0, 0, 0
259, minecraft:monument, MONSTER, minecraft:guardian, 10, 2, 4
260, betterarcheology:mott, HEADING, header:ignore, 0, 0, 0
261, born_in_chaos_v1:mound_of_hounds, HEADING, header:ignore, 0, 0, 0
262, dungeons_enhanced:mushroom_house, HEADING, header:ignore, 0, 0, 0
263, mvs:nature/acacia_tree, HEADING, header:ignore, 0, 0, 0
264, mvs:nature/big_oak_tree, HEADING, header:ignore, 0, 0, 0
265, mvs:nature/birch_tree, HEADING, header:ignore, 0, 0, 0
266, mvs:nature/boulder, HEADING, header:ignore, 0, 0, 0
267, mvs:nature/cherry_tree, HEADING, header:ignore, 0, 0, 0
268, mvs:nature/dark_oak_tree, HEADING, header:ignore, 0, 0, 0
269, mvs:nature/floating_islands, HEADING, header:ignore, 0, 0, 0
270, mvs:nature/jungle_palm_tree, HEADING, header:ignore, 0, 0, 0
271, mvs:nature/jungle_tree, HEADING, header:ignore, 0, 0, 0
272, mvs:nature/large_mushroom, HEADING, header:ignore, 0, 0, 0
273, mvs:nature/mushroom_pond, HEADING, header:ignore, 0, 0, 0
274, mvs:nature/oak_tree, HEADING, header:ignore, 0, 0, 0
275, mvs:nature/paths, HEADING, header:ignore, 0, 0, 0
276, mvs:nature/small_oak_pond, HEADING, header:ignore, 0, 0, 0
277, mvs:nature/spruce_tree, HEADING, header:ignore, 0, 0, 0
278, mvs:nature/stone_rock, HEADING, header:ignore, 0, 0, 0
279, minecraft:nether_fossil, HEADING, header:ignore, 0, 0, 0
280, minecraft:nether_fossil, MONSTER, alexsmobs:soul_vulture, 30, 1, 1
281, paraglider:nether_horned_statue, HEADING, header:ignore, 0, 0, 0
282, valarian_conquest:neutral_outpost, HEADING, header:ignore, 0, 0, 0
283, valarian_conquest:neutral_tent_camp, HEADING, header:ignore, 0, 0, 0
284, valarian_conquest:neutral_tent_camp_2, HEADING, header:ignore, 0, 0, 0
285, structory:northern_ruin, HEADING, header:ignore, 0, 0, 0
286, born_in_chaos_v1:observation_tower_forest, HEADING, header:ignore, 0, 0, 0
287, born_in_chaos_v1:observation_tower_plains, HEADING, header:ignore, 0, 0, 0
288, stellarity:obsidian_spike, HEADING, header:ignore, 0, 0, 0
289, bosses_of_mass_destruction:obsidilith_arena, HEADING, header:ignore, 0, 0, 0
290, minecraft:ocean_ruin_cold, HEADING, header:ignore, 0, 0, 0
291, minecraft:ocean_ruin_warm, HEADING, header:ignore, 0, 0, 0
292, structory:old_manor, HEADING, header:ignore, 0, 0, 0
293, stellarity:old_stronghold, HEADING, header:ignore, 0, 0, 0
294, valarian_conquest:orleanian_castle, HEADING, header:ignore, 0, 0, 0
295, valarian_conquest:orleanian_outpost, HEADING, header:ignore, 0, 0, 0
296, mvs:other_decoration/bee_dome, HEADING, header:ignore, 0, 0, 0
297, mvs:other_decoration/bench, HEADING, header:ignore, 0, 0, 0
298, mvs:other_decoration/campsite, HEADING, header:ignore, 0, 0, 0
299, mvs:other_decoration/crimson_enchanting_table, HEADING, header:ignore, 0, 0, 0
300, mvs:other_decoration/desert_pump, HEADING, header:ignore, 0, 0, 0
301, mvs:other_decoration/duck, HEADING, header:ignore, 0, 0, 0
302, mvs:other_decoration/end_scraps/end_scraps_1, HEADING, header:ignore, 0, 0, 0
303, mvs:other_decoration/end_scraps/end_scraps_2, HEADING, header:ignore, 0, 0, 0
304, mvs:other_decoration/end_scraps/end_scraps_3, HEADING, header:ignore, 0, 0, 0
305, mvs:other_decoration/end_scraps/end_scraps_4, HEADING, header:ignore, 0, 0, 0
306, mvs:other_decoration/fire_camp, HEADING, header:ignore, 0, 0, 0
307, mvs:other_decoration/fox_hut, HEADING, header:ignore, 0, 0, 0
308, mvs:other_decoration/haystack, HEADING, header:ignore, 0, 0, 0
309, mvs:other_decoration/horse_campsite, HEADING, header:ignore, 0, 0, 0
310, mvs:other_decoration/lamp_chest, HEADING, header:ignore, 0, 0, 0
311, mvs:other_decoration/lecturn_garden, HEADING, header:ignore, 0, 0, 0
312, mvs:other_decoration/mine_with_campsite, HEADING, header:ignore, 0, 0, 0
313, mvs:other_decoration/mushroom_statue, HEADING, header:ignore, 0, 0, 0
314, mvs:other_decoration/nether_devil, HEADING, header:ignore, 0, 0, 0
315, mvs:other_decoration/pile, HEADING, header:ignore, 0, 0, 0
316, mvs:other_decoration/snowy_dog_hut, HEADING, header:ignore, 0, 0, 0
317, mvs:other_decoration/snowy_fossil, HEADING, header:ignore, 0, 0, 0
318, mvs:other_decoration/stone_bee, HEADING, header:ignore, 0, 0, 0
319, mvs:other_decoration/villager_statue, HEADING, header:ignore, 0, 0, 0
320, mvs:other_decoration/wheat_grain_bin, HEADING, header:ignore, 0, 0, 0
321, mvs:other_decoration/windmill, HEADING, header:ignore, 0, 0, 0
322, mvs:other_decoration/wooden_wheat_farm, HEADING, header:ignore, 0, 0, 0
323, mvs:out_house, HEADING, header:ignore, 0, 0, 0
324, structory:outcast_villager_desert, HEADING, header:ignore, 0, 0, 0
325, structory:outcast_villager_grassy, HEADING, header:ignore, 0, 0, 0
326, aquamirae:outpost, HEADING, header:ignore, 0, 0, 0
327, aquamirae:outpost, MONSTER, minecraft:pillager, 10, 1, 2
328, aquamirae:outpost, MONSTER, minecraft:vindicator, 10, 1, 1
329, dungeons_enhanced:pillager_camp, HEADING, header:ignore, 0, 0, 0
330, dungeons_enhanced:pillager_camp, MONSTER, minecraft:pillager, 10, 2, 3
331, dungeons_enhanced:pillager_camp, MONSTER, minecraft:vindicator, 10, 1, 2
332, minecraft:pillager_outpost, HEADING, header:ignore, 0, 0, 0
333, minecraft:pillager_outpost, MONSTER, minecraft:pillager, 10, 1, 1
334, towns_and_towers:pillager_outpost_badlands, HEADING, header:ignore, 0, 0, 0
335, towns_and_towers:pillager_outpost_badlands, MONSTER, minecraft:pillager, 10, 1, 2
336, towns_and_towers:pillager_outpost_beach, HEADING, header:ignore, 0, 0, 0
337, towns_and_towers:pillager_outpost_beach, MONSTER, minecraft:pillager, 10, 1, 2
338, towns_and_towers:pillager_outpost_birch_forest, HEADING, header:ignore, 0, 0, 0
339, towns_and_towers:pillager_outpost_birch_forest, MONSTER, minecraft:pillager, 10, 1, 2
340, towns_and_towers:pillager_outpost_desert, HEADING, header:ignore, 0, 0, 0
341, towns_and_towers:pillager_outpost_desert, MONSTER, minecraft:pillager, 10, 1, 2
342, towns_and_towers:pillager_outpost_flower_forest, HEADING, header:ignore, 0, 0, 0
343, towns_and_towers:pillager_outpost_flower_forest, MONSTER, minecraft:pillager, 10, 1, 2
344, towns_and_towers:pillager_outpost_forest, HEADING, header:ignore, 0, 0, 0
345, towns_and_towers:pillager_outpost_forest, MONSTER, minecraft:pillager, 10, 1, 2
346, towns_and_towers:pillager_outpost_grove, HEADING, header:ignore, 0, 0, 0
347, towns_and_towers:pillager_outpost_grove, MONSTER, minecraft:pillager, 10, 1, 2
348, towns_and_towers:pillager_outpost_jungle, HEADING, header:ignore, 0, 0, 0
349, towns_and_towers:pillager_outpost_jungle, MONSTER, minecraft:pillager, 10, 1, 2
350, towns_and_towers:pillager_outpost_meadow, HEADING, header:ignore, 0, 0, 0
351, towns_and_towers:pillager_outpost_meadow, MONSTER, minecraft:pillager, 10, 1, 2
352, towns_and_towers:pillager_outpost_mushroom_fields, HEADING, header:ignore, 0, 0, 0
353, towns_and_towers:pillager_outpost_ocean, HEADING, header:ignore, 0, 0, 0
354, towns_and_towers:pillager_outpost_ocean, MONSTER, minecraft:pillager, 10, 1, 2
355, towns_and_towers:pillager_outpost_old_growth_taiga, HEADING, header:ignore, 0, 0, 0
356, towns_and_towers:pillager_outpost_old_growth_taiga, MONSTER, minecraft:pillager, 10, 1, 2
357, towns_and_towers:pillager_outpost_savanna, HEADING, header:ignore, 0, 0, 0
358, towns_and_towers:pillager_outpost_savanna, MONSTER, minecraft:pillager, 10, 1, 2
359, towns_and_towers:pillager_outpost_savanna_plateau, HEADING, header:ignore, 0, 0, 0
360, towns_and_towers:pillager_outpost_savanna_plateau, MONSTER, minecraft:pillager, 10, 1, 2
361, towns_and_towers:pillager_outpost_snowy_beach, HEADING, header:ignore, 0, 0, 0
362, towns_and_towers:pillager_outpost_snowy_beach, MONSTER, minecraft:pillager, 10, 1, 2
363, towns_and_towers:pillager_outpost_snowy_plains, HEADING, header:ignore, 0, 0, 0
364, towns_and_towers:pillager_outpost_snowy_plains, MONSTER, minecraft:pillager, 10, 1, 2
365, towns_and_towers:pillager_outpost_snowy_slopes, HEADING, header:ignore, 0, 0, 0
366, towns_and_towers:pillager_outpost_snowy_slopes, MONSTER, minecraft:pillager, 10, 1, 2
367, towns_and_towers:pillager_outpost_snowy_taiga, HEADING, header:ignore, 0, 0, 0
368, towns_and_towers:pillager_outpost_snowy_taiga, MONSTER, minecraft:pillager, 10, 1, 2
369, towns_and_towers:pillager_outpost_sparse_jungle, HEADING, header:ignore, 0, 0, 0
370, towns_and_towers:pillager_outpost_sparse_jungle, MONSTER, minecraft:pillager, 10, 1, 2
371, towns_and_towers:pillager_outpost_sunflower_plains, HEADING, header:ignore, 0, 0, 0
372, towns_and_towers:pillager_outpost_sunflower_plains, MONSTER, minecraft:pillager, 10, 1, 2
373, towns_and_towers:pillager_outpost_swamp, HEADING, header:ignore, 0, 0, 0
374, towns_and_towers:pillager_outpost_swamp, MONSTER, minecraft:pillager, 10, 1, 2
375, towns_and_towers:pillager_outpost_taiga, HEADING, header:ignore, 0, 0, 0
376, towns_and_towers:pillager_outpost_taiga, MONSTER, minecraft:pillager, 10, 1, 2
377, towns_and_towers:pillager_outpost_wooded_badlands, HEADING, header:ignore, 0, 0, 0
378, towns_and_towers:pillager_outpost_wooded_badlands, MONSTER, minecraft:pillager, 10, 1, 2
379, dungeons_enhanced:pirate_ship, HEADING, header:ignore, 0, 0, 0
380, dungeons_enhanced:pirate_ship, MONSTER, minecraft:pillager, 10, 3, 4
381, dungeons_enhanced:pirate_ship, MONSTER, minecraft:vindicator, 10, 1, 2
382, biomeswevegone:prairie_house, HEADING, header:ignore, 0, 0, 0
383, mvs:railway, HEADING, header:ignore, 0, 0, 0
384, biomeswevegone:red_rock_arch, HEADING, header:ignore, 0, 0, 0
385, stellarity:return_gateways/base_flying, HEADING, header:ignore, 0, 0, 0
386, stellarity:return_gateways/bloody_flying, HEADING, header:ignore, 0, 0, 0
387, stellarity:return_gateways/snowy_flying, HEADING, header:ignore, 0, 0, 0
388, biomeswevegone:rugged_fossil, HEADING, header:ignore, 0, 0, 0
389, structory:ruin_grassy, HEADING, header:ignore, 0, 0, 0
390, dungeons_enhanced:ruined_building, HEADING, header:ignore, 0, 0, 0
391, cataclysm:ruined_citadel, HEADING, header:ignore, 0, 0, 0
392, cataclysm:ruined_citadel, MONSTER, cataclysm:endermaptera, 10, 1, 1
393, minecraft:ruined_portal, HEADING, header:ignore, 0, 0, 0
394, minecraft:ruined_portal_desert, HEADING, header:ignore, 0, 0, 0
395, minecraft:ruined_portal_jungle, HEADING, header:ignore, 0, 0, 0
396, minecraft:ruined_portal_mountain, HEADING, header:ignore, 0, 0, 0
397, minecraft:ruined_portal_nether, HEADING, header:ignore, 0, 0, 0
398, minecraft:ruined_portal_ocean, HEADING, header:ignore, 0, 0, 0
399, minecraft:ruined_portal_swamp, HEADING, header:ignore, 0, 0, 0
400, explorify:ruins, HEADING, header:ignore, 0, 0, 0
401, mvs:ruins/castle_ruins, HEADING, header:ignore, 0, 0, 0
402, mvs:ruins/log_ruin, HEADING, header:ignore, 0, 0, 0
403, mvs:ruins/ruined_beacon, HEADING, header:ignore, 0, 0, 0
404, mvs:ruins/small_ruin, HEADING, header:ignore, 0, 0, 0
405, mvs:ruins/statue_ruins, HEADING, header:ignore, 0, 0, 0
406, mvs:ruins/stone_pillars, HEADING, header:ignore, 0, 0, 0
407, mvs:ruins/tree_monument, HEADING, header:ignore, 0, 0, 0
408, betterarcheology:ruins_sand, HEADING, header:ignore, 0, 0, 0
409, butcher:saltformationlarge, HEADING, header:ignore, 0, 0, 0
410, butcher:saltformationmedium, HEADING, header:ignore, 0, 0, 0
411, butcher:saltformationsmall, HEADING, header:ignore, 0, 0, 0
412, block_factorys_bosses:sandworm_nest, HEADING, header:ignore, 0, 0, 0
413, biomeswevegone:sharpened_rock, HEADING, header:ignore, 0, 0, 0
414, mvs:shed, HEADING, header:ignore, 0, 0, 0
415, aquamirae:shelter, HEADING, header:ignore, 0, 0, 0
416, aquamirae:ship, HEADING, header:ignore, 0, 0, 0
417, aquamirae:ship, MONSTER, minecraft:pillager, 10, 1, 2
418, aquamirae:ship, MONSTER, minecraft:vindicator, 10, 1, 1
419, minecolonies:ship, HEADING, header:ignore, 0, 0, 0
420, minecraft:shipwreck, HEADING, header:ignore, 0, 0, 0
421, minecraft:shipwreck, MONSTER, alexsmobs:skelewag, 15, 1, 2
422, minecraft:shipwreck_beached, HEADING, header:ignore, 0, 0, 0
423, minecolonies:shire_colony, HEADING, header:ignore, 0, 0, 0
424, minecolonies:shire_colony, CREATURE, minecraft:cat, 80, 1, 2
425, aether:silver_dungeon, HEADING, header:ignore, 0, 0, 0
426, mvs:small_pillager_tower, HEADING, header:ignore, 0, 0, 0
427, mvs:small_ship, HEADING, header:ignore, 0, 0, 0
428, cataclysm:soul_black_smith, HEADING, header:ignore, 0, 0, 0
429, dungeons_enhanced:stables, HEADING, header:ignore, 0, 0, 0
430, mvs:stall/blue_stall, HEADING, header:ignore, 0, 0, 0
431, mvs:stall/orange_stall, HEADING, header:ignore, 0, 0, 0
432, mvs:stall/pink_stall, HEADING, header:ignore, 0, 0, 0
433, mvs:stall/red_stall, HEADING, header:ignore, 0, 0, 0
434, mvs:stone_fountain, HEADING, header:ignore, 0, 0, 0
435, betterarcheology:stonehenge_grassy, HEADING, header:ignore, 0, 0, 0
436, minecraft:stronghold, HEADING, header:ignore, 0, 0, 0
437, minecraft:stronghold, MONSTER, minecraft:pillager, 10, 4, 4
438, minecraft:stronghold, MONSTER, minecraft:vindicator, 10, 4, 4
439, minecraft:stronghold, MONSTER, minecraft:evoker, 10, 1, 2
440, minecraft:stronghold, MONSTER, minecraft:witch, 10, 4, 4
441, minecraft:stronghold, MONSTER, minecraft:illusioner, 10, 3, 3
442, cataclysm:sunken_city, HEADING, header:ignore, 0, 0, 0
443, dungeons_enhanced:sunken_shrine, HEADING, header:ignore, 0, 0, 0
444, mvs:sunzi_gate, HEADING, header:ignore, 0, 0, 0
445, explorify:supply_cache/birch, HEADING, header:ignore, 0, 0, 0
446, explorify:supply_cache/dark, HEADING, header:ignore, 0, 0, 0
447, explorify:supply_cache/desert, HEADING, header:ignore, 0, 0, 0
448, explorify:supply_cache/forest, HEADING, header:ignore, 0, 0, 0
449, explorify:supply_cache/jungle, HEADING, header:ignore, 0, 0, 0
450, explorify:supply_cache/mangrove, HEADING, header:ignore, 0, 0, 0
451, explorify:supply_cache/taiga, HEADING, header:ignore, 0, 0, 0
452, minecraft:swamp_hut, HEADING, header:ignore, 0, 0, 0
453, minecraft:swamp_hut, MONSTER, minecraft:witch, 10, 1, 1
454, minecraft:swamp_hut, CREATURE, minecraft:cat, 10, 1, 1
455, structory:swamp_ruin, HEADING, header:ignore, 0, 0, 0
456, structory:taiga_ruin_surface, HEADING, header:ignore, 0, 0, 0
457, structory:taiga_ruin_underground, HEADING, header:ignore, 0, 0, 0
458, dungeons_enhanced:tall_witch_hut, HEADING, header:ignore, 0, 0, 0
459, paraglider:tarrey_town_goddess_statue, HEADING, header:ignore, 0, 0, 0
460, explorify:tavern, HEADING, header:ignore, 0, 0, 0
461, valarian_conquest:templar_castle, HEADING, header:ignore, 0, 0, 0
462, valarian_conquest:templar_outpost, HEADING, header:ignore, 0, 0, 0
463, betterarcheology:temple_jungle, HEADING, header:ignore, 0, 0, 0
464, dungeons_enhanced:tower_of_the_undead, HEADING, header:ignore, 0, 0, 0
465, minecraft:trail_ruins, HEADING, header:ignore, 0, 0, 0
466, dungeons_enhanced:tree_house, HEADING, header:ignore, 0, 0, 0
467, betterarcheology:tumulus_grassy, HEADING, header:ignore, 0, 0, 0
468, mowziesmobs:umvuthana_grove, HEADING, header:ignore, 0, 0, 0
469, paraglider:underground_horned_statue, HEADING, header:ignore, 0, 0, 0
470, betterarcheology:underwater_0, HEADING, header:ignore, 0, 0, 0
471, betterarcheology:underwater_1, HEADING, header:ignore, 0, 0, 0
472, betterarcheology:underwater_2, HEADING, header:ignore, 0, 0, 0
473, betterarcheology:underwater_3, HEADING, header:ignore, 0, 0, 0
474, block_factorys_bosses:underworld_arena, HEADING, header:ignore, 0, 0, 0
475, block_factorys_bosses:underworld_arena, MONSTER, block_factorys_bosses:soul_skeleton, 10, 1, 3
476, block_factorys_bosses:underworld_arena, MONSTER, block_factorys_bosses:soul_knight_wither_skeleton, 10, 1, 3
477, valarian_conquest:valarian_castle, HEADING, header:ignore, 0, 0, 0
478, valarian_conquest:valarian_outpost, HEADING, header:ignore, 0, 0, 0
479, stellarity:village, HEADING, header:ignore, 0, 0, 0
480, biomeswevegone:village/forgotten, HEADING, header:ignore, 0, 0, 0
481, biomeswevegone:village/pumpkin_patch, HEADING, header:ignore, 0, 0, 0
482, biomeswevegone:village/red_rock, HEADING, header:ignore, 0, 0, 0
483, biomeswevegone:village/salem, HEADING, header:ignore, 0, 0, 0
484, biomeswevegone:village/skyris, HEADING, header:ignore, 0, 0, 0
485, towns_and_towers:village_badlands, HEADING, header:ignore, 0, 0, 0
486, towns_and_towers:village_beach, HEADING, header:ignore, 0, 0, 0
487, towns_and_towers:village_birch_forest, HEADING, header:ignore, 0, 0, 0
488, minecraft:village_desert, HEADING, header:ignore, 0, 0, 0
489, towns_and_towers:village_flower_forest, HEADING, header:ignore, 0, 0, 0
490, towns_and_towers:village_forest, HEADING, header:ignore, 0, 0, 0
491, towns_and_towers:village_grove, HEADING, header:ignore, 0, 0, 0
492, towns_and_towers:village_jungle, HEADING, header:ignore, 0, 0, 0
493, towns_and_towers:village_meadow, HEADING, header:ignore, 0, 0, 0
494, towns_and_towers:village_mushroom_fields, HEADING, header:ignore, 0, 0, 0
495, towns_and_towers:village_ocean, HEADING, header:ignore, 0, 0, 0
496, towns_and_towers:village_old_growth_taiga, HEADING, header:ignore, 0, 0, 0
497, minecraft:village_plains, HEADING, header:ignore, 0, 0, 0
498, minecraft:village_savanna, HEADING, header:ignore, 0, 0, 0
499, towns_and_towers:village_savanna_plateau, HEADING, header:ignore, 0, 0, 0
500, minecraft:village_snowy, HEADING, header:ignore, 0, 0, 0
501, towns_and_towers:village_snowy_slopes, HEADING, header:ignore, 0, 0, 0
502, towns_and_towers:village_snowy_taiga, HEADING, header:ignore, 0, 0, 0
503, towns_and_towers:village_sparse_jungle, HEADING, header:ignore, 0, 0, 0
504, towns_and_towers:village_sunflower_plains, HEADING, header:ignore, 0, 0, 0
505, towns_and_towers:village_swamp, HEADING, header:ignore, 0, 0, 0
506, minecraft:village_taiga, HEADING, header:ignore, 0, 0, 0
507, villagesandpillages:village_witch, HEADING, header:ignore, 0, 0, 0
508, villagesandpillages:village_witch, MONSTER, minecraft:witch, 10, 4, 8
509, villagesandpillages:village_witch, CREATURE, minecraft:cat, 10, 2, 4
510, towns_and_towers:village_wooded_badlands, HEADING, header:ignore, 0, 0, 0
511, betterarcheology:villager_grave, HEADING, header:ignore, 0, 0, 0
512, valarian_conquest:visgothian_castle, HEADING, header:ignore, 0, 0, 0
513, valarian_conquest:visgothian_outpost, HEADING, header:ignore, 0, 0, 0
514, bosses_of_mass_destruction:void_blossom, HEADING, header:ignore, 0, 0, 0
515, minecolonies:warpednetherlands_colony, HEADING, header:ignore, 0, 0, 0
516, minecolonies:warpednetherlands_colony, CREATURE, minecraft:cat, 80, 1, 2
517, dungeons_enhanced:watch_tower, HEADING, header:ignore, 0, 0, 0
518, explorify:watchtower/plains, HEADING, header:ignore, 0, 0, 0
519, explorify:watchtower/savanna, HEADING, header:ignore, 0, 0, 0
520, explorify:watchtower/taiga, HEADING, header:ignore, 0, 0, 0
521, mvs:well/rare_well, HEADING, header:ignore, 0, 0, 0
522, mvs:well/small_copper_well, HEADING, header:ignore, 0, 0, 0
523, mvs:well/small_tower_well, HEADING, header:ignore, 0, 0, 0
524, mvs:well/small_well, HEADING, header:ignore, 0, 0, 0
525, mvs:well/well, HEADING, header:ignore, 0, 0, 0
526, mvs:well/wells/acacia_well, HEADING, header:ignore, 0, 0, 0
527, mvs:well/wells/birch_well, HEADING, header:ignore, 0, 0, 0
528, mvs:well/wells/dark_oak_well, HEADING, header:ignore, 0, 0, 0
529, mvs:well/wells/desert_well, HEADING, header:ignore, 0, 0, 0
530, mvs:well/wells/end_well, HEADING, header:ignore, 0, 0, 0
531, mvs:well/wells/jungle_well, HEADING, header:ignore, 0, 0, 0
532, mvs:well/wells/mushroom_well, HEADING, header:ignore, 0, 0, 0
533, mvs:well/wells/nether_well, HEADING, header:ignore, 0, 0, 0
534, mvs:well/wells/oak_well, HEADING, header:ignore, 0, 0, 0
535, mvs:well/wells/rocky_well, HEADING, header:ignore, 0, 0, 0
536, mvs:well/wells/snowy_well, HEADING, header:ignore, 0, 0, 0
537, mvs:well/wells/spruce_well, HEADING, header:ignore, 0, 0, 0
538, dungeons_enhanced:witch_tower, HEADING, header:ignore, 0, 0, 0
539, towns_and_towers:wreckage_ocean, HEADING, header:ignore, 0, 0, 0
540, mowziesmobs:wrought_chamber, HEADING, header:ignore, 0, 0, 0
541, block_factorys_bosses:yeti_hideout, HEADING, header:ignore, 0, 0, 0
